Perltidy version is 20170521

4: ```
   --^
found String where operator expected (previous token underlined)

8: ```
    ^ 
found String where operator expected
9:	
Partial match to quote modifier [msixpodualngc] at word: 'src'
Please put a space between quote modifiers and trailing keywords.

9: ./java-backend/src/main/java/org/kframework/backend/java/symboli ...
                               -----^                                  
found bareword where operator expected (previous token underlined)

There is no previous '?' to match a ':' on line 9
9: ... /java/symbolic/SymbolicRewriter.java:85
                                           ^

12: ```
    ^  
found String where operator expected

Missing ';' above?

12: ```
    --^
found String where operator expected (previous token underlined)

15: ```
     ^ 
found String where operator expected

Missing ';' above?

Missing ';' above?

Missing ';' above?

Missing ';' above?

There is no previous '?' to match a ':' on line 46
46: - Source [link](http://www.mono-project.com/docs/compiling-mono/ ...
                        ^

Missing ';' above?

There is no previous '?' to match a ':' on line 55
55: - Ubuntu [link](http://www.mono-project.com/download/)
                        ^

No further warnings will be given
